<?xml version="1.0" encoding="UTF-8"?>
<!-- Generated by org.testng.reporters.JUnitReportReporter -->
<testsuite skipped="3" hostname="INDIA-SelvaN" name="WindowsHandling.SwitchWindows" tests="4" failures="0" timestamp="15 Apr 2020 10:40:29 GMT" time="2.081" errors="0">
  <testcase name="AlertBox" time="2.081" classname="WindowsHandling.SwitchWindows"/>
  <testcase name="newWindow" classname="WindowsHandling.SwitchWindows">
    <skipped/>
  </testcase> <!-- newWindow -->
  <testcase name="newWindowTab" classname="WindowsHandling.SwitchWindows">
    <skipped/>
  </testcase> <!-- newWindowTab -->
  <testcase name="WindowMessage" classname="WindowsHandling.SwitchWindows">
    <skipped/>
  </testcase> <!-- WindowMessage -->
</testsuite> <!-- WindowsHandling.SwitchWindows -->
