<?xml version="1.0" encoding="UTF-8"?>
<!-- Generated by org.testng.reporters.JUnitReportReporter -->
<testsuite skipped="0" hostname="INDIA-SelvaN" name="Driver.WebDriverManagerInvoke" tests="1" failures="0" timestamp="13 Apr 2020 09:29:30 GMT" time="11.317" errors="0">
  <testcase name="invokechromeBrowser" time="11.317" classname="Driver.WebDriverManagerInvoke"/>
</testsuite> <!-- Driver.WebDriverManagerInvoke -->
