<?xml version="1.0" encoding="UTF-8"?>
<!-- Generated by org.testng.reporters.JUnitReportReporter -->
<testsuite skipped="0" hostname="INDIA-SelvaN" name="Practice.class1" tests="2" failures="0" timestamp="18 May 2020 08:10:19 GMT" time="0.004" errors="0">
  <testcase name="test" time="0.003" classname="Practice.class1"/>
  <testcase name="test1" time="0.001" classname="Practice.class1"/>
</testsuite> <!-- Practice.class1 -->
