<?xml version="1.0" encoding="UTF-8"?>
<!-- Generated by org.testng.reporters.JUnitReportReporter -->
<testsuite skipped="0" hostname="INDIA-SelvaN" name="Interactions.Selectable" tests="1" failures="0" timestamp="14 Apr 2020 15:23:31 GMT" time="0.780" errors="0">
  <testcase name="selectable" time="0.780" classname="Interactions.Selectable"/>
</testsuite> <!-- Interactions.Selectable -->
