<?xml version="1.0" encoding="UTF-8"?>
<!-- Generated by org.testng.reporters.JUnitReportReporter -->
<testsuite skipped="2" hostname="INDIA-SelvaN" name="Driver.WebDriverManagerInvoke" tests="4" failures="0" timestamp="04 Jun 2020 13:58:48 GMT" time="23.734" errors="0">
  <testcase name="invokechromeBrowser" time="10.941" classname="Driver.WebDriverManagerInvoke"/>
  <testcase name="invokeFireFoxDriver" time="12.793" classname="Driver.WebDriverManagerInvoke"/>
  <testcase name="invokeIEDriver" classname="Driver.WebDriverManagerInvoke">
    <skipped/>
  </testcase> <!-- invokeIEDriver -->
  <testcase name="invokeEdgeBrowser" classname="Driver.WebDriverManagerInvoke">
    <skipped/>
  </testcase> <!-- invokeEdgeBrowser -->
</testsuite> <!-- Driver.WebDriverManagerInvoke -->
